SF:lib/core/locale/locale_app.dart
DA:11,4
DA:13,0
DA:14,0
DA:16,0
DA:17,0
DA:19,0
DA:21,0
DA:22,0
DA:23,0
DA:24,0
DA:25,0
DA:26,0
DA:32,0
DA:33,0
DA:34,0
DA:39,2
LF:16
LH:2
end_of_record
SF:lib/src/modules/home/view/components/button_options_home_widget.dart
DA:10,1
DA:17,1
DA:18,1
DA:22,1
DA:24,6
DA:25,1
DA:28,1
DA:30,2
DA:32,0
DA:33,0
DA:34,0
DA:36,0
LF:12
LH:8
end_of_record
SF:lib/src/modules/home/view/home_page_view.dart
DA:12,1
DA:13,1
DA:14,1
DA:18,1
DA:20,1
DA:21,1
DA:24,1
DA:26,1
DA:27,1
DA:29,3
DA:30,1
DA:31,1
DA:32,1
DA:34,0
DA:39,1
DA:41,1
DA:43,1
DA:44,1
DA:45,1
DA:47,1
DA:48,1
DA:51,1
DA:54,2
DA:57,1
DA:60,2
DA:63,1
DA:66,2
DA:70,1
DA:73,2
LF:29
LH:28
end_of_record
SF:lib/src/shared/mixins/device_orientation.dart
DA:5,1
DA:6,1
DA:7,0
DA:13,0
DA:14,0
DA:15,0
LF:6
LH:2
end_of_record
SF:lib/src/shared/services/local_storage/local_storage_shared_preferrence.dart
DA:8,2
DA:10,2
DA:12,0
DA:14,0
DA:15,0
DA:18,0
DA:20,0
DA:21,0
DA:22,0
DA:23,0
DA:24,0
DA:26,0
DA:31,0
DA:33,0
DA:34,0
LF:15
LH:2
end_of_record
SF:lib/src/shared/button_for_menu/button_for_menu.dart
DA:9,1
DA:14,2
DA:16,1
DA:18,1
DA:19,2
DA:21,2
DA:22,4
DA:26,2
DA:27,2
DA:28,2
DA:29,3
DA:30,1
DA:32,1
DA:38,1
DA:39,1
DA:42,1
DA:43,1
DA:47,1
DA:48,1
DA:53,1
DA:55,1
DA:56,1
DA:57,1
DA:58,1
DA:65,1
DA:66,2
DA:68,1
DA:69,1
DA:70,2
DA:71,2
DA:72,2
DA:73,2
DA:74,1
DA:75,1
DA:76,1
DA:77,1
LF:36
LH:36
end_of_record
SF:lib/src/shared/appbar_gradient/appbar_gradient.dart
DA:4,3
DA:5,2
DA:7,2
LF:3
LH:3
end_of_record
SF:lib/src/modules/credits/view/credits_view.dart
DA:11,1
DA:12,1
DA:13,1
DA:17,1
DA:19,2
DA:21,1
DA:22,1
DA:24,1
DA:25,2
DA:26,1
DA:30,1
DA:31,1
DA:32,1
DA:33,1
DA:35,1
DA:37,1
DA:38,1
DA:39,1
DA:40,1
DA:45,1
DA:47,1
DA:49,0
DA:50,1
DA:52,2
DA:58,1
DA:60,1
DA:61,1
DA:62,1
DA:63,1
DA:68,1
DA:70,1
DA:72,0
DA:80,1
DA:82,1
DA:83,2
DA:84,1
DA:85,1
DA:86,1
DA:87,1
LF:39
LH:37
end_of_record
SF:lib/src/shared/launch_link/launch_link.dart
DA:6,0
DA:8,0
DA:11,0
DA:13,0
DA:17,0
DA:18,0
LF:6
LH:0
end_of_record
SF:lib/src/modules/wallpapers/controller/wallpapers_controller.dart
DA:10,1
DA:11,2
DA:13,0
DA:14,0
DA:15,0
LF:5
LH:2
end_of_record
SF:lib/src/shared/models/wallpaper/wallpapers_model.dart
DA:4,2
LF:1
LH:1
end_of_record
SF:lib/src/shared/repositoryes/repository_api.dart
DA:18,1
DA:20,2
DA:21,1
DA:24,3
DA:27,6
DA:29,3
DA:31,1
DA:32,2
DA:33,2
DA:42,1
DA:44,1
DA:45,1
DA:46,1
DA:49,3
DA:52,6
DA:54,3
LF:16
LH:16
end_of_record
SF:lib/src/modules/quiz/controller/quiz_controller.dart
DA:25,0
DA:27,2
DA:29,3
DA:31,1
DA:32,2
DA:33,1
DA:36,1
DA:38,1
DA:39,0
DA:40,0
DA:41,0
DA:42,0
DA:44,0
DA:46,1
DA:47,0
DA:48,0
DA:49,0
DA:50,0
DA:52,0
DA:55,1
DA:56,2
DA:57,0
DA:58,0
DA:60,0
DA:65,1
DA:67,1
DA:68,1
DA:69,1
DA:71,1
DA:72,1
DA:73,1
DA:77,1
DA:79,1
DA:80,1
DA:81,1
DA:83,1
DA:84,1
DA:85,1
DA:89,1
DA:91,1
DA:92,1
DA:93,1
DA:95,1
DA:96,1
DA:97,1
DA:101,1
DA:103,1
DA:104,1
DA:105,1
DA:107,1
DA:108,1
DA:109,1
DA:113,1
DA:114,1
DA:115,1
DA:116,1
DA:117,1
DA:118,1
DA:119,1
DA:120,1
DA:121,1
DA:122,1
DA:125,1
DA:126,4
DA:128,1
DA:129,5
DA:131,1
DA:132,5
DA:134,1
DA:135,5
DA:137,1
DA:138,5
DA:140,0
DA:141,0
DA:142,0
DA:143,0
DA:146,1
DA:147,4
DA:149,1
DA:150,4
DA:152,0
DA:153,0
DA:155,0
DA:156,0
LF:84
LH:62
end_of_record
SF:lib/src/shared/repositoryes/interface/repository_api_interface.dart
DA:29,0
LF:1
LH:0
end_of_record
SF:lib/src/shared/models/quiz/questions_model.dart
DA:6,1
DA:7,1
DA:8,2
DA:9,1
DA:10,1
DA:11,1
LF:6
LH:6
end_of_record
SF:lib/src/shared/services/request_rest/interfaces/service_web_request_interface.dart
DA:4,0
LF:1
LH:0
end_of_record
SF:lib/src/shared/services/request_rest/interfaces/service_web_response_interface.dart
DA:8,0
LF:1
LH:0
end_of_record
SF:lib/src/shared/services/request_rest/service_web_request.dart
DA:8,2
DA:10,2
DA:14,4
DA:16,2
DA:17,2
DA:18,2
DA:19,2
LF:7
LH:7
end_of_record
SF:lib/src/shared/services/request_rest/service_web_response.dart
DA:13,2
LF:1
LH:1
end_of_record
