SF:lib/src/features/quiz/data/firebase_quiz_impl.dart
DA:9,0
DA:13,0
DA:14,0
DA:15,0
DA:16,0
DA:17,0
DA:18,0
DA:21,0
DA:23,0
DA:24,0
DA:26,0
DA:27,0
DA:28,0
DA:31,0
LF:14
LH:0
end_of_record
SF:lib/src/features/quiz/interector/quiz_interector.dart
DA:10,2
DA:20,0
DA:21,0
DA:22,0
DA:23,0
DA:24,0
DA:25,0
DA:27,0
DA:28,0
DA:30,0
DA:33,0
DA:34,0
DA:35,0
DA:36,0
LF:14
LH:1
end_of_record
SF:lib/src/features/quiz/interector/quiz_state.dart
DA:6,3
DA:12,1
DA:16,3
LF:3
LH:3
end_of_record
SF:lib/src/features/quiz/ui/quiz_questions/quiz_questions_page.dart
DA:15,1
DA:17,1
DA:18,1
DA:25,1
DA:27,4
DA:28,1
DA:31,0
DA:32,0
DA:33,0
DA:34,0
DA:35,0
DA:36,0
DA:37,0
DA:40,0
DA:46,1
DA:48,1
DA:50,1
DA:51,1
DA:56,1
DA:57,1
DA:58,1
DA:59,2
DA:60,2
DA:61,1
DA:65,1
DA:69,2
DA:70,1
DA:72,1
DA:74,1
DA:75,1
DA:76,0
DA:78,0
DA:79,0
DA:80,0
DA:81,0
DA:82,0
DA:83,0
DA:84,0
DA:85,0
DA:86,0
DA:88,0
DA:89,0
DA:90,0
DA:91,0
DA:92,0
DA:95,0
DA:96,0
DA:97,0
DA:98,0
DA:99,0
DA:108,0
DA:109,0
DA:110,0
DA:111,0
DA:112,0
DA:113,0
DA:114,0
DA:118,0
DA:119,0
DA:120,0
DA:121,0
DA:122,0
DA:123,0
DA:125,0
DA:138,1
DA:140,2
DA:141,2
DA:142,1
LF:68
LH:26
end_of_record
SF:lib/src/shared/l10n/locale_app.dart
DA:10,2
DA:12,0
DA:13,0
DA:15,0
DA:17,0
DA:18,0
DA:19,0
DA:20,0
DA:21,0
DA:22,0
DA:28,0
DA:29,0
DA:30,0
LF:13
LH:1
end_of_record
SF:lib/src/shared/plugins/local_storage/local_storage_shared_preferrence.dart
DA:8,2
DA:10,1
DA:12,0
DA:13,0
DA:14,0
DA:16,0
DA:18,0
DA:19,0
DA:20,0
DA:21,0
DA:22,0
DA:24,0
DA:28,0
DA:29,0
DA:30,0
LF:15
LH:2
end_of_record
SF:lib/src/features/quiz/data/adapters/answer_adapter.dart
DA:4,0
DA:5,0
DA:6,0
DA:9,0
DA:10,0
DA:11,0
LF:6
LH:0
end_of_record
SF:lib/src/features/quiz/interector/answer_entity.dart
DA:5,0
LF:1
LH:0
end_of_record
SF:lib/src/features/quiz/data/adapters/question_adapter.dart
DA:7,0
DA:8,0
DA:9,0
DA:10,0
DA:11,0
DA:12,0
DA:13,0
DA:16,0
DA:17,0
DA:18,0
DA:19,0
DA:20,0
LF:12
LH:0
end_of_record
SF:lib/src/features/quiz/interector/question_entity.dart
DA:8,0
LF:1
LH:0
end_of_record
SF:lib/src/features/quiz/ui/quiz_questions/components/button_quiz_widget.dart
DA:9,0
DA:12,0
DA:14,0
DA:21,0
DA:23,0
DA:25,0
DA:26,0
DA:27,0
DA:28,0
DA:29,0
DA:30,0
DA:31,0
DA:32,0
DA:33,0
DA:35,0
DA:37,0
DA:38,0
DA:40,0
DA:42,0
DA:44,0
DA:45,0
DA:47,0
DA:50,0
DA:52,0
DA:53,0
DA:54,0
DA:55,0
DA:57,0
DA:60,0
DA:61,0
DA:62,0
DA:63,0
DA:65,0
DA:66,0
DA:68,0
DA:69,0
DA:70,0
DA:71,0
DA:73,0
DA:84,0
DA:86,0
DA:87,0
DA:88,0
LF:43
LH:0
end_of_record
SF:lib/src/features/home/home_module.dart
DA:5,1
DA:7,1
LF:2
LH:2
end_of_record
SF:lib/src/features/home/ui/home_page.dart
DA:11,2
DA:13,1
DA:15,1
DA:16,1
DA:18,3
DA:19,1
DA:20,1
DA:21,1
DA:23,0
DA:28,1
DA:30,1
DA:32,1
DA:33,1
DA:34,1
DA:36,1
DA:37,1
DA:38,0
DA:39,0
DA:41,1
DA:43,2
DA:44,0
DA:46,1
DA:48,2
DA:49,0
DA:51,1
DA:54,2
DA:55,0
DA:57,1
DA:59,2
DA:60,0
LF:30
LH:23
end_of_record
SF:lib/src/shared/components/button_menu.dart
DA:7,1
DA:16,1
DA:18,1
DA:19,1
DA:20,1
DA:21,2
DA:22,2
DA:23,2
DA:24,2
DA:25,1
DA:26,1
DA:27,1
DA:28,2
DA:29,2
DA:30,3
DA:31,1
DA:33,1
DA:41,1
DA:42,1
DA:45,1
DA:46,1
DA:49,1
DA:50,1
DA:51,1
DA:56,1
DA:58,1
DA:59,1
DA:60,1
DA:62,1
DA:68,1
DA:69,1
DA:70,1
DA:72,1
DA:73,2
DA:75,2
DA:76,4
LF:36
LH:36
end_of_record
SF:lib/src/shared/components/app_bar_gradient.dart
DA:4,1
DA:5,1
DA:7,1
LF:3
LH:3
end_of_record
